#
# A fatal error has been detected by the Java Runtime Environment:
#
#  SIGBUS (0xa) at pc=0x000000010c3f8eb9, pid=44384, tid=21763
#
# JRE version: Java(TM) SE Runtime Environment (8.0_31-b13) (build 1.8.0_31-b13)
# Java VM: Java HotSpot(TM) 64-Bit Server VM (25.31-b07 mixed mode bsd-amd64 compressed oops)
# Problematic frame:
# C  [libzip.dylib+0x2eb9]  newEntry+0x154
#
# Failed to write core dump. Core dumps have been disabled. To enable core dumping, try "ulimit -c unlimited" before starting Java again
#
# If you would like to submit a bug report, please visit:
#   http://bugreport.java.com/bugreport/crash.jsp
# The crash happened outside the Java Virtual Machine in native code.
# See problematic frame for where to report the bug.
#

---------------  T H R E A D  ---------------

Current thread (0x00007fb7e40a9000):  JavaThread "node server" [_thread_in_native, id=21763, stack(0x000000012bec8000,0x000000012bfc8000)]

siginfo: si_signo: 10 (SIGBUS), si_code: 2 (BUS_ADRERR), si_addr: 0x000000012be6329d

Registers:
RAX=0x00007fb7e3f207d0, RBX=0x000000012be63291, RCX=0x0000000000000001, RDX=0x0000000000000008
RSP=0x000000012bfc5400, RBP=0x000000012bfc5460, RSI=0x00007fb7e3e00000, RDI=0x000000010c17ee00
R8 =0x0000000000000004, R9 =0x00000000ffff8000, R10=0x000000010e334668, R11=0xfffffff9c0eb47a6
R12=0x00007fb7e3f20950, R13=0x00000000000000e0, R14=0x000000004ae10c07, R15=0x00007fb7e3c49e30
RIP=0x000000010c3f8eb9, EFLAGS=0x0000000000010202, ERR=0x0000000000000004
  TRAPNO=0x000000000000000e

Top of Stack: (sp=0x000000012bfc5400)
0x000000012bfc5400:   000000012bfc6690 000000000e41a1b9
0x000000012bfc5410:   000000010e41a150 00007fff00000000
0x000000012bfc5420:   000000012bfc5440 00007fb7e3f207d0
0x000000012bfc5430:   00007fb7e3e006a0 00007fb7e3f207d0
0x000000012bfc5440:   00007fb7e3f20950 00000000000000e0
0x000000012bfc5450:   000000004ae10c07 00007fb7e3c49e30
0x000000012bfc5460:   000000012bfc54c0 000000010c3f9554
0x000000012bfc5470:   000000012bfc550f 000000012bfc550e
0x000000012bfc5480:   0000002f00000000 00000030010a9000
0x000000012bfc5490:   000000012bfc54de 000000012bfc59a8
0x000000012bfc54a0:   0000000000000030 000000012bfc54de
0x000000012bfc54b0:   00007fb7e3f207d0 00007fb7e40a91e8
0x000000012bfc54c0:   000000012bfc5910 000000010c3f834f
0x000000012bfc54d0:   000000012bfc5530 726f000100000001
0x000000012bfc54e0:   6a6e6f7261612f67 657a61682f343133
0x000000012bfc54f0:   437265767265532f 6f6974656c706d6f
0x000000012bfc5500:   72656c646e61486e 00007373616c632e
0x000000012bfc5510:   000000012bfc5590 000000012bfc5560
0x000000012bfc5520:   000000012bfc5b60 000000010d53a69d
0x000000012bfc5530:   000000012bfc66b0 000000012bfc66b4
0x000000012bfc5540:   000000010e4a3a10 0000000100000000
0x000000012bfc5550:   000000012bfc69c8 000000012bfc6800
0x000000012bfc5560:   000000012bfc67f0 000000010e41a1b9
0x000000012bfc5570:   000000012bfc66c0 000000012bfc66c4
0x000000012bfc5580:   000000012bfc67f0 000000012bfc67f0
0x000000012bfc5590:   00007fff727a36b8 00000000ffffffff
0x000000012bfc55a0:   0000000100000000 00007fff86632d3d
0x000000012bfc55b0:   000000012bfc6600 00007fb7e40a9000
0x000000012bfc55c0:   00000000276e0200 000000012bfc5670
0x000000012bfc55d0:   000000010e41cb47 000000010e41ca10
0x000000012bfc55e0:   0000000100000000 000000012bfc5840
0x000000012bfc55f0:   000000012bfc5670 00000001275d5388 

Instructions: (pc=0x000000010c3f8eb9)
0x000000010c3f8e99:   49 8b 7f 38 e8 50 1b 00 00 4d 89 77 38 49 89 5f
0x000000010c3f8ea9:   40 4c 89 f0 48 85 c0 0f 84 11 05 00 00 48 89 c3
0x000000010c3f8eb9:   0f b6 43 0c 0f b6 4b 0d 48 c1 e1 08 48 01 c1 0f
0x000000010c3f8ec9:   b6 43 0e 0f b6 53 0f 48 c1 e2 08 48 01 c2 48 c1 

Register to memory mapping:

RAX=0x00007fb7e3f207d0 is an unknown value
RBX=0x000000012be63291 is an unknown value
RCX=0x0000000000000001 is an unknown value
RDX=0x0000000000000008 is an unknown value
RSP=0x000000012bfc5400 is pointing into the stack for thread: 0x00007fb7e40a9000
RBP=0x000000012bfc5460 is pointing into the stack for thread: 0x00007fb7e40a9000
RSI=0x00007fb7e3e00000 is an unknown value
RDI=0x000000010c17ee00 is an unknown value
R8 =0x0000000000000004 is an unknown value
R9 =0x00000000ffff8000 is an unknown value
R10=0x000000010e334668 is at code_begin+808 in an Interpreter codelet
method entry point (kind = native)  [0x000000010e334340, 0x000000010e334c40]  2304 bytes
R11=0xfffffff9c0eb47a6 is an unknown value
R12=0x00007fb7e3f20950 is an unknown value
R13=0x00000000000000e0 is an unknown value
R14=0x000000004ae10c07 is an unknown value
R15=0x00007fb7e3c49e30 is an unknown value


Stack: [0x000000012bec8000,0x000000012bfc8000],  sp=0x000000012bfc5400,  free space=1013k
Native frames: (J=compiled Java code, j=interpreted, Vv=VM code, C=native code)
C  [libzip.dylib+0x2eb9]  newEntry+0x154
C  [libzip.dylib+0x3554]  ZIP_GetEntry2+0xd4
C  [libzip.dylib+0x234f]  Java_java_util_zip_ZipFile_getEntry+0xcf
j  java.util.zip.ZipFile.getEntry(J[BZ)J+0
j  java.util.zip.ZipFile.getEntry(Ljava/lang/String;)Ljava/util/zip/ZipEntry;+38
J 109 C1 sun.misc.URLClassPath$JarLoader.getResource(Ljava/lang/String;Z)Lsun/misc/Resource; (85 bytes) @ 0x000000010e45f5cc [0x000000010e45f1e0+0x3ec]
j  sun.misc.URLClassPath.getResource(Ljava/lang/String;Z)Lsun/misc/Resource;+53
j  java.net.URLClassLoader$1.run()Ljava/lang/Class;+26
j  java.net.URLClassLoader$1.run()Ljava/lang/Object;+1
v  ~StubRoutines::call_stub
V  [libjvm.dylib+0x2d4442]  JavaCalls::call_helper(JavaValue*, methodHandle*, JavaCallArguments*, Thread*)+0x6ae
V  [libjvm.dylib+0x32ade2]  JVM_DoPrivileged+0x4b8
j  java.security.AccessController.doPrivileged(Ljava/security/PrivilegedExceptionAction;Ljava/security/AccessControlContext;)Ljava/lang/Object;+0
j  java.net.URLClassLoader.findClass(Ljava/lang/String;)Ljava/lang/Class;+13
J 249 C1 java.lang.ClassLoader.loadClass(Ljava/lang/String;Z)Ljava/lang/Class; (122 bytes) @ 0x000000010e4a4704 [0x000000010e4a3da0+0x964]
j  sun.misc.Launcher$AppClassLoader.loadClass(Ljava/lang/String;Z)Ljava/lang/Class;+36
j  java.lang.ClassLoader.loadClass(Ljava/lang/String;)Ljava/lang/Class;+3
v  ~StubRoutines::call_stub
V  [libjvm.dylib+0x2d4442]  JavaCalls::call_helper(JavaValue*, methodHandle*, JavaCallArguments*, Thread*)+0x6ae
V  [libjvm.dylib+0x2d4bd0]  JavaCalls::call_virtual(JavaValue*, KlassHandle, Symbol*, Symbol*, JavaCallArguments*, Thread*)+0x164
V  [libjvm.dylib+0x2d4d28]  JavaCalls::call_virtual(JavaValue*, Handle, KlassHandle, Symbol*, Symbol*, Handle, Thread*)+0x56
V  [libjvm.dylib+0x509762]  SystemDictionary::load_instance_class(Symbol*, Handle, Thread*)+0x2e0
V  [libjvm.dylib+0x508ef3]  SystemDictionary::resolve_instance_class_or_null(Symbol*, Handle, Handle, Thread*)+0x48f
V  [libjvm.dylib+0x50997e]  SystemDictionary::resolve_or_null(Symbol*, Handle, Handle, Thread*)+0x106
V  [libjvm.dylib+0x509e5b]  SystemDictionary::resolve_or_fail(Symbol*, Handle, Handle, bool, Thread*)+0x31
V  [libjvm.dylib+0x1d5b8e]  ConstantPool::klass_at_impl(constantPoolHandle, int, Thread*)+0x2ee
V  [libjvm.dylib+0x42675e]  ConstantPool::klass_at(int, Thread*)+0x92
V  [libjvm.dylib+0x2cfe07]  InterpreterRuntime::_new(JavaThread*, ConstantPool*, int)+0x2d
j  org.aaronj314.haze.AsyncServer.run()V+79
j  java.lang.Thread.run()V+11
v  ~StubRoutines::call_stub
V  [libjvm.dylib+0x2d4442]  JavaCalls::call_helper(JavaValue*, methodHandle*, JavaCallArguments*, Thread*)+0x6ae
V  [libjvm.dylib+0x2d4bd0]  JavaCalls::call_virtual(JavaValue*, KlassHandle, Symbol*, Symbol*, JavaCallArguments*, Thread*)+0x164
V  [libjvm.dylib+0x2d4d7c]  JavaCalls::call_virtual(JavaValue*, Handle, KlassHandle, Symbol*, Symbol*, Thread*)+0x4a
V  [libjvm.dylib+0x32576f]  thread_entry(JavaThread*, Thread*)+0x7c
V  [libjvm.dylib+0x5360cf]  JavaThread::thread_main_inner()+0x9b
V  [libjvm.dylib+0x53780c]  JavaThread::run()+0x1c2
V  [libjvm.dylib+0x45d772]  java_start(Thread*)+0xf6
C  [libsystem_pthread.dylib+0x3268]  _pthread_body+0x83
C  [libsystem_pthread.dylib+0x31e5]  _pthread_body+0x0
C  [libsystem_pthread.dylib+0x141d]  thread_start+0xd
C  0x0000000000000000

Java frames: (J=compiled Java code, j=interpreted, Vv=VM code)
j  java.util.zip.ZipFile.getEntry(J[BZ)J+0
j  java.util.zip.ZipFile.getEntry(Ljava/lang/String;)Ljava/util/zip/ZipEntry;+38
J 109 C1 sun.misc.URLClassPath$JarLoader.getResource(Ljava/lang/String;Z)Lsun/misc/Resource; (85 bytes) @ 0x000000010e45f5cc [0x000000010e45f1e0+0x3ec]
j  sun.misc.URLClassPath.getResource(Ljava/lang/String;Z)Lsun/misc/Resource;+53
j  java.net.URLClassLoader$1.run()Ljava/lang/Class;+26
j  java.net.URLClassLoader$1.run()Ljava/lang/Object;+1
v  ~StubRoutines::call_stub
j  java.security.AccessController.doPrivileged(Ljava/security/PrivilegedExceptionAction;Ljava/security/AccessControlContext;)Ljava/lang/Object;+0
j  java.net.URLClassLoader.findClass(Ljava/lang/String;)Ljava/lang/Class;+13
J 249 C1 java.lang.ClassLoader.loadClass(Ljava/lang/String;Z)Ljava/lang/Class; (122 bytes) @ 0x000000010e4a4704 [0x000000010e4a3da0+0x964]
j  sun.misc.Launcher$AppClassLoader.loadClass(Ljava/lang/String;Z)Ljava/lang/Class;+36
j  java.lang.ClassLoader.loadClass(Ljava/lang/String;)Ljava/lang/Class;+3
v  ~StubRoutines::call_stub
j  org.aaronj314.haze.AsyncServer.run()V+79
j  java.lang.Thread.run()V+11
v  ~StubRoutines::call_stub

---------------  P R O C E S S  ---------------

Java Threads: ( => current thread )
  0x00007fb7e4143800 JavaThread "DestroyJavaVM" [_thread_blocked, id=3847, stack(0x000000010c2a8000,0x000000010c3a8000)]
  0x00007fb7e4043800 JavaThread "node_list_monitor" [_thread_blocked, id=27907, stack(0x000000012cafd000,0x000000012cbfd000)]
  0x00007fb7e4143000 JavaThread "multicast client" [_thread_in_native, id=27395, stack(0x000000012c9fa000,0x000000012cafa000)]
  0x00007fb7e5082800 JavaThread "Thread-9" daemon [_thread_blocked, id=26371, stack(0x000000012c7f4000,0x000000012c8f4000)]
  0x00007fb7e5081800 JavaThread "Thread-8" daemon [_thread_blocked, id=25859, stack(0x000000012c6f1000,0x000000012c7f1000)]
  0x00007fb7e7000000 JavaThread "Thread-7" daemon [_thread_blocked, id=25347, stack(0x000000012c5ee000,0x000000012c6ee000)]
  0x00007fb7e4899000 JavaThread "Thread-6" daemon [_thread_blocked, id=24835, stack(0x000000012c4eb000,0x000000012c5eb000)]
  0x00007fb7e4898000 JavaThread "Thread-5" daemon [_thread_blocked, id=24323, stack(0x000000012c3e7000,0x000000012c4e7000)]
  0x00007fb7e4141000 JavaThread "Thread-4" daemon [_thread_blocked, id=23811, stack(0x000000012c2e4000,0x000000012c3e4000)]
  0x00007fb7e4140000 JavaThread "Thread-3" daemon [_thread_in_native, id=23299, stack(0x000000012c1e1000,0x000000012c2e1000)]
  0x00007fb7e413f800 JavaThread "Thread-2" daemon [_thread_blocked, id=22787, stack(0x000000012c0de000,0x000000012c1de000)]
  0x00007fb7e413e800 JavaThread "Thread-1" daemon [_thread_blocked, id=22275, stack(0x000000012bfdb000,0x000000012c0db000)]
=>0x00007fb7e40a9000 JavaThread "node server" [_thread_in_native, id=21763, stack(0x000000012bec8000,0x000000012bfc8000)]
  0x00007fb7e402c800 JavaThread "Service Thread" daemon [_thread_blocked, id=20739, stack(0x000000012bc22000,0x000000012bd22000)]
  0x00007fb7e581b800 JavaThread "C1 CompilerThread3" daemon [_thread_blocked, id=20227, stack(0x000000012bb1f000,0x000000012bc1f000)]
  0x00007fb7e502a000 JavaThread "C2 CompilerThread2" daemon [_thread_blocked, id=19715, stack(0x000000012ba1c000,0x000000012bb1c000)]
  0x00007fb7e5812800 JavaThread "C2 CompilerThread1" daemon [_thread_blocked, id=19203, stack(0x000000012b919000,0x000000012ba19000)]
  0x00007fb7e402b800 JavaThread "C2 CompilerThread0" daemon [_thread_blocked, id=18691, stack(0x000000012b816000,0x000000012b916000)]
  0x00007fb7e402b000 JavaThread "Signal Dispatcher" daemon [_thread_blocked, id=15379, stack(0x000000012b713000,0x000000012b813000)]
  0x00007fb7e5052000 JavaThread "Finalizer" daemon [_thread_blocked, id=13571, stack(0x0000000129dc9000,0x0000000129ec9000)]
  0x00007fb7e5808000 JavaThread "Reference Handler" daemon [_thread_blocked, id=13059, stack(0x0000000129cc6000,0x0000000129dc6000)]

Other Threads:
  0x00007fb7e5051800 VMThread [stack: 0x0000000129bc3000,0x0000000129cc3000] [id=12547]
  0x00007fb7e400c800 WatcherThread [stack: 0x000000012bd25000,0x000000012be25000] [id=21251]

VM state:not at safepoint (normal execution)

VM Mutex/Monitor currently owned by a thread: None

Heap:
 PSYoungGen      total 76288K, used 23595K [0x000000076ab00000, 0x0000000770000000, 0x00000007c0000000)
  eden space 65536K, 36% used [0x000000076ab00000,0x000000076c20af58,0x000000076eb00000)
  from space 10752K, 0% used [0x000000076f580000,0x000000076f580000,0x0000000770000000)
  to   space 10752K, 0% used [0x000000076eb00000,0x000000076eb00000,0x000000076f580000)
 ParOldGen       total 175104K, used 0K [0x00000006c0000000, 0x00000006cab00000, 0x000000076ab00000)
  object space 175104K, 0% used [0x00000006c0000000,0x00000006c0000000,0x00000006cab00000)
 Metaspace       used 4943K, capacity 5054K, committed 5248K, reserved 1056768K
  class space    used 583K, capacity 631K, committed 640K, reserved 1048576K

Card table byte_map: [0x000000011d6df000,0x000000011dee0000] byte_map_base: 0x000000011a0df000

Marking Bits: (ParMarkBitMap*) 0x000000010dc9e410
 Begin Bits: [0x000000011ec4e000, 0x0000000122c4e000)
 End Bits:   [0x0000000122c4e000, 0x0000000126c4e000)

Polling page: 0x000000010c3ec000

CodeCache: size=245760Kb used=1595Kb max_used=1595Kb free=244164Kb
 bounds [0x000000010e31f000, 0x000000010e58f000, 0x000000011d31f000]
 total_blobs=555 nmethods=256 adapters=214
 compilation: enabled

Compilation events (10 events):
Event: 246.848 Thread 0x00007fb7e581b800  251       3       java.util.concurrent.ConcurrentHashMap::sumCount (48 bytes)
Event: 246.849 Thread 0x00007fb7e581b800 nmethod 251 0x000000010e4a7fd0 code [0x000000010e4a8140, 0x000000010e4a83f0]
Event: 256.879 Thread 0x00007fb7e581b800  253       3       org.aaronj314.haze.ClusterManager::updateNodeList (192 bytes)
Event: 256.882 Thread 0x00007fb7e581b800 nmethod 253 0x000000010e4a8850 code [0x000000010e4a8c40, 0x000000010e4ab158]
Event: 256.882 Thread 0x00007fb7e581b800  254       3       java.util.concurrent.ConcurrentHashMap::entrySet (27 bytes)
Event: 256.882 Thread 0x00007fb7e581b800 nmethod 254 0x000000010e4ac5d0 code [0x000000010e4ac740, 0x000000010e4aca90]
Event: 377.710 Thread 0x00007fb7e581b800  255       1       java.nio.Buffer::limit (5 bytes)
Event: 377.710 Thread 0x00007fb7e581b800 nmethod 255 0x000000010e4ad850 code [0x000000010e4ad9a0, 0x000000010e4adab0]
Event: 378.706 Thread 0x00007fb7e581b800  256       1       java.util.concurrent.locks.AbstractQueuedSynchronizer::getState (5 bytes)
Event: 378.706 Thread 0x00007fb7e581b800 nmethod 256 0x000000010e4adb10 code [0x000000010e4adc60, 0x000000010e4add70]

GC Heap History (0 events):
No events

Deoptimization events (0 events):
No events

Internal exceptions (10 events):
Event: 0.104 Thread 0x00007fb7e40a9000 Exception <a 'java/security/PrivilegedActionException'> (0x000000076b038058) thrown at [/Users/java_re/workspace/8-2-build-macosx-x86_64/jdk8u31/2394/hotspot/src/share/vm/prims/jvm.cpp, line 1312]
Event: 0.104 Thread 0x00007fb7e40a9000 Exception <a 'java/security/PrivilegedActionException'> (0x000000076b038210) thrown at [/Users/java_re/workspace/8-2-build-macosx-x86_64/jdk8u31/2394/hotspot/src/share/vm/prims/jvm.cpp, line 1312]
Event: 0.117 Thread 0x00007fb7e40a9000 Exception <a 'java/lang/ClassNotFoundException': java/lang/Null> (0x000000076b056558) thrown at [/Users/java_re/workspace/8-2-build-macosx-x86_64/jdk8u31/2394/hotspot/src/share/vm/classfile/systemDictionary.cpp, line 202]
Event: 0.128 Thread 0x00007fb7e40a9000 Exception <a 'java/lang/NoSuchFieldError': method resolution failed> (0x000000076b0b7458) thrown at [/Users/java_re/workspace/8-2-build-macosx-x86_64/jdk8u31/2394/hotspot/src/share/vm/prims/methodHandles.cpp, line 1159]
Event: 0.129 Thread 0x00007fb7e40a9000 Exception <a 'java/lang/NoSuchFieldError': method resolution failed> (0x000000076b0c6050) thrown at [/Users/java_re/workspace/8-2-build-macosx-x86_64/jdk8u31/2394/hotspot/src/share/vm/prims/methodHandles.cpp, line 1159]
Event: 0.130 Thread 0x00007fb7e40a9000 Exception <a 'java/lang/NoSuchFieldError': method resolution failed> (0x000000076b0c91b0) thrown at [/Users/java_re/workspace/8-2-build-macosx-x86_64/jdk8u31/2394/hotspot/src/share/vm/prims/methodHandles.cpp, line 1159]
Event: 0.155 Thread 0x00007fb7e4802800 Exception <a 'java/security/PrivilegedActionException'> (0x000000076af2c448) thrown at [/Users/java_re/workspace/8-2-build-macosx-x86_64/jdk8u31/2394/hotspot/src/share/vm/prims/jvm.cpp, line 1312]
Event: 1.156 Thread 0x00007fb7e4802800 Exception <a 'java/security/PrivilegedActionException'> (0x000000076af308d8) thrown at [/Users/java_re/workspace/8-2-build-macosx-x86_64/jdk8u31/2394/hotspot/src/share/vm/prims/jvm.cpp, line 1312]
Event: 1.157 Thread 0x00007fb7e4802800 Exception <a 'java/security/PrivilegedActionException'> (0x000000076af36268) thrown at [/Users/java_re/workspace/8-2-build-macosx-x86_64/jdk8u31/2394/hotspot/src/share/vm/prims/jvm.cpp, line 1312]
Event: 378.706 Thread 0x00007fb7e40a9000 Exception <a 'java/security/PrivilegedActionException'> (0x000000076b110940) thrown at [/Users/java_re/workspace/8-2-build-macosx-x86_64/jdk8u31/2394/hotspot/src/share/vm/prims/jvm.cpp, line 1312]

Events (10 events):
Event: 378.262 Executing VM operation: RevokeBias
Event: 378.262 Executing VM operation: RevokeBias done
Event: 378.263 Executing VM operation: RevokeBias
Event: 378.263 Executing VM operation: RevokeBias done
Event: 378.263 Executing VM operation: RevokeBias
Event: 378.263 Executing VM operation: RevokeBias done
Event: 378.263 Executing VM operation: RevokeBias
Event: 378.263 Executing VM operation: RevokeBias done
Event: 378.706 loading class org/aaronj314/haze/ServerCompletionHandler
Event: 378.706 loading class org/aaronj314/haze/ServerCompletionHandler done


Dynamic libraries:
0x00000000020b4000 	/System/Library/Frameworks/Cocoa.framework/Versions/A/Cocoa
0x00000000020b4000 	/System/Library/Frameworks/Security.framework/Versions/A/Security
0x00000000020b4000 	/System/Library/Frameworks/ApplicationServices.framework/Versions/A/ApplicationServices
0x00000000020b4000 	/usr/lib/libz.1.dylib
0x00000000020b4000 	/usr/lib/libSystem.B.dylib
0x00000000020b4000 	/usr/lib/libobjc.A.dylib
0x00000000020b4000 	/System/Library/Frameworks/CoreFoundation.framework/Versions/A/CoreFoundation
0x00000000020b4000 	/System/Library/Frameworks/Foundation.framework/Versions/C/Foundation
0x00000000020b4000 	/System/Library/Frameworks/AppKit.framework/Versions/C/AppKit
0x00000000020b4000 	/System/Library/Frameworks/CoreData.framework/Versions/A/CoreData
0x00000000020b4000 	/System/Library/PrivateFrameworks/RemoteViewServices.framework/Versions/A/RemoteViewServices
0x00000000020b4000 	/System/Library/PrivateFrameworks/UIFoundation.framework/Versions/A/UIFoundation
0x00000000020b4000 	/System/Library/Frameworks/IOSurface.framework/Versions/A/IOSurface
0x00000000020b4000 	/System/Library/Frameworks/AudioToolbox.framework/Versions/A/AudioToolbox
0x00000000020b4000 	/System/Library/Frameworks/AudioUnit.framework/Versions/A/AudioUnit
0x00000000020b4000 	/System/Library/PrivateFrameworks/DataDetectorsCore.framework/Versions/A/DataDetectorsCore
0x00000000020b4000 	/System/Library/PrivateFrameworks/DesktopServicesPriv.framework/Versions/A/DesktopServicesPriv
0x00000000020b4000 	/System/Library/Frameworks/Carbon.framework/Versions/A/Frameworks/HIToolbox.framework/Versions/A/HIToolbox
0x00000000020b4000 	/System/Library/Frameworks/QuartzCore.framework/Versions/A/QuartzCore
0x00000000020b4000 	/System/Library/Frameworks/Carbon.framework/Versions/A/Frameworks/SpeechRecognition.framework/Versions/A/SpeechRecognition
0x00000000020b4000 	/usr/lib/libauto.dylib
0x00000000020b4000 	/usr/lib/libicucore.A.dylib
0x00000000020b4000 	/usr/lib/libxml2.2.dylib
0x00000000020b4000 	/System/Library/PrivateFrameworks/CoreUI.framework/Versions/A/CoreUI
0x00000000020b4000 	/System/Library/Frameworks/CoreAudio.framework/Versions/A/CoreAudio
0x00000000020b4000 	/System/Library/Frameworks/DiskArbitration.framework/Versions/A/DiskArbitration
0x00000000020b4000 	/usr/lib/liblangid.dylib
0x00000000020b4000 	/System/Library/PrivateFrameworks/MultitouchSupport.framework/Versions/A/MultitouchSupport
0x00000000020b4000 	/System/Library/Frameworks/IOKit.framework/Versions/A/IOKit
0x00000000020b4000 	/usr/lib/libDiagnosticMessagesClient.dylib
0x00000000020b4000 	/System/Library/Frameworks/CoreServices.framework/Versions/A/CoreServices
0x00000000020b4000 	/System/Library/PrivateFrameworks/PerformanceAnalysis.framework/Versions/A/PerformanceAnalysis
0x00000000020b4000 	/System/Library/PrivateFrameworks/GenerationalStorage.framework/Versions/A/GenerationalStorage
0x00000000020b4000 	/System/Library/Frameworks/OpenGL.framework/Versions/A/OpenGL
0x00000000020b4000 	/System/Library/PrivateFrameworks/Sharing.framework/Versions/A/Sharing
0x00000000020b4000 	/System/Library/Frameworks/CoreGraphics.framework/Versions/A/CoreGraphics
0x00000000020b4000 	/System/Library/Frameworks/CoreText.framework/Versions/A/CoreText
0x00000000020b4000 	/System/Library/Frameworks/ImageIO.framework/Versions/A/ImageIO
0x00000000020b4000 	/usr/lib/libextension.dylib
0x00000000020b4000 	/System/Library/PrivateFrameworks/Backup.framework/Versions/A/Backup
0x00000000020b4000 	/usr/lib/libarchive.2.dylib
0x00000000020b4000 	/System/Library/Frameworks/CFNetwork.framework/Versions/A/CFNetwork
0x00000000020b4000 	/System/Library/Frameworks/SystemConfiguration.framework/Versions/A/SystemConfiguration
0x00000000020b4000 	/usr/lib/libCRFSuite.dylib
0x00000000020b4000 	/usr/lib/libc++.1.dylib
0x00000000020b4000 	/usr/lib/libc++abi.dylib
0x00000000020b4000 	/usr/lib/system/libcache.dylib
0x00000000020b4000 	/usr/lib/system/libcommonCrypto.dylib
0x00000000020b4000 	/usr/lib/system/libcompiler_rt.dylib
0x00000000020b4000 	/usr/lib/system/libcopyfile.dylib
0x00000000020b4000 	/usr/lib/system/libcorecrypto.dylib
0x00000000020b4000 	/usr/lib/system/libdispatch.dylib
0x00000000020b4000 	/usr/lib/system/libdyld.dylib
0x00000000020b4000 	/usr/lib/system/libkeymgr.dylib
0x00000000020b4000 	/usr/lib/system/liblaunch.dylib
0x00000000020b4000 	/usr/lib/system/libmacho.dylib
0x00000000020b4000 	/usr/lib/system/libquarantine.dylib
0x00000000020b4000 	/usr/lib/system/libremovefile.dylib
0x00000000020b4000 	/usr/lib/system/libsystem_asl.dylib
0x00000000020b4000 	/usr/lib/system/libsystem_blocks.dylib
0x00000000020b4000 	/usr/lib/system/libsystem_c.dylib
0x00000000020b4000 	/usr/lib/system/libsystem_configuration.dylib
0x00000000020b4000 	/usr/lib/system/libsystem_coreservices.dylib
0x00000000020b4000 	/usr/lib/system/libsystem_coretls.dylib
0x00000000020b4000 	/usr/lib/system/libsystem_dnssd.dylib
0x00000000020b4000 	/usr/lib/system/libsystem_info.dylib
0x00000000020b4000 	/usr/lib/system/libsystem_kernel.dylib
0x00000000020b4000 	/usr/lib/system/libsystem_m.dylib
0x00000000020b4000 	/usr/lib/system/libsystem_malloc.dylib
0x00000000020b4000 	/usr/lib/system/libsystem_network.dylib
0x00000000020b4000 	/usr/lib/system/libsystem_networkextension.dylib
0x00000000020b4000 	/usr/lib/system/libsystem_notify.dylib
0x00000000020b4000 	/usr/lib/system/libsystem_platform.dylib
0x00000000020b4000 	/usr/lib/system/libsystem_pthread.dylib
0x00000000020b4000 	/usr/lib/system/libsystem_sandbox.dylib
0x00000000020b4000 	/usr/lib/system/libsystem_secinit.dylib
0x00000000020b4000 	/usr/lib/system/libsystem_stats.dylib
0x00000000020b4000 	/usr/lib/system/libsystem_trace.dylib
0x00000000020b4000 	/usr/lib/system/libunc.dylib
0x00000000020b4000 	/usr/lib/system/libunwind.dylib
0x00000000020b4000 	/usr/lib/system/libxpc.dylib
0x00000000020b4000 	/usr/lib/libbz2.1.0.dylib
0x00000000020b4000 	/usr/lib/liblzma.5.dylib
0x00000000020b4000 	/usr/lib/libbsm.0.dylib
0x00000000020b4000 	/usr/lib/libsqlite3.dylib
0x00000000020b4000 	/usr/lib/system/libkxld.dylib
0x00000000020b4000 	/usr/lib/libxar.1.dylib
0x00000000020b4000 	/usr/lib/libpam.2.dylib
0x00000000020b4000 	/usr/lib/libOpenScriptingUtil.dylib
0x00000000020b4000 	/System/Library/Frameworks/CoreServices.framework/Versions/A/Frameworks/FSEvents.framework/Versions/A/FSEvents
0x00000000020b4000 	/System/Library/Frameworks/CoreServices.framework/Versions/A/Frameworks/CarbonCore.framework/Versions/A/CarbonCore
0x00000000020b4000 	/System/Library/Frameworks/CoreServices.framework/Versions/A/Frameworks/Metadata.framework/Versions/A/Metadata
0x00000000020b4000 	/System/Library/Frameworks/CoreServices.framework/Versions/A/Frameworks/OSServices.framework/Versions/A/OSServices
0x00000000020b4000 	/System/Library/Frameworks/CoreServices.framework/Versions/A/Frameworks/SearchKit.framework/Versions/A/SearchKit
0x00000000020b4000 	/System/Library/Frameworks/CoreServices.framework/Versions/A/Frameworks/AE.framework/Versions/A/AE
0x00000000020b4000 	/System/Library/Frameworks/CoreServices.framework/Versions/A/Frameworks/LaunchServices.framework/Versions/A/LaunchServices
0x00000000020b4000 	/System/Library/Frameworks/CoreServices.framework/Versions/A/Frameworks/DictionaryServices.framework/Versions/A/DictionaryServices
0x00000000020b4000 	/System/Library/Frameworks/NetFS.framework/Versions/A/NetFS
0x00000000020b4000 	/System/Library/PrivateFrameworks/NetAuth.framework/Versions/A/NetAuth
0x00000000020b4000 	/System/Library/PrivateFrameworks/login.framework/Versions/A/Frameworks/loginsupport.framework/Versions/A/loginsupport
0x00000000020b4000 	/System/Library/PrivateFrameworks/TCC.framework/Versions/A/TCC
0x00000000020b4000 	/usr/lib/libmecabra.dylib
0x00000000020b4000 	/System/Library/Frameworks/ApplicationServices.framework/Versions/A/Frameworks/ATS.framework/Versions/A/ATS
0x00000000020b4000 	/System/Library/Frameworks/ApplicationServices.framework/Versions/A/Frameworks/ColorSync.framework/Versions/A/ColorSync
0x00000000020b4000 	/System/Library/Frameworks/ApplicationServices.framework/Versions/A/Frameworks/HIServices.framework/Versions/A/HIServices
0x00000000020b4000 	/System/Library/Frameworks/ApplicationServices.framework/Versions/A/Frameworks/LangAnalysis.framework/Versions/A/LangAnalysis
0x00000000020b4000 	/System/Library/Frameworks/ApplicationServices.framework/Versions/A/Frameworks/PrintCore.framework/Versions/A/PrintCore
0x00000000020b4000 	/System/Library/Frameworks/ApplicationServices.framework/Versions/A/Frameworks/QD.framework/Versions/A/QD
0x00000000020b4000 	/System/Library/Frameworks/ApplicationServices.framework/Versions/A/Frameworks/SpeechSynthesis.framework/Versions/A/SpeechSynthesis
0x00000000020b4000 	/System/Library/Frameworks/Accelerate.framework/Versions/A/Accelerate
0x00000000020b4000 	/System/Library/Frameworks/Accelerate.framework/Versions/A/Frameworks/vImage.framework/Versions/A/vImage
0x00000000020b4000 	/System/Library/Frameworks/Accelerate.framework/Versions/A/Frameworks/vecLib.framework/Versions/A/vecLib
0x00000000020b4000 	/System/Library/Frameworks/Accelerate.framework/Versions/A/Frameworks/vecLib.framework/Versions/A/libvDSP.dylib
0x00000000020b4000 	/System/Library/Frameworks/Accelerate.framework/Versions/A/Frameworks/vecLib.framework/Versions/A/libvMisc.dylib
0x00000000020b4000 	/System/Library/Frameworks/Accelerate.framework/Versions/A/Frameworks/vecLib.framework/Versions/A/libLAPACK.dylib
0x00000000020b4000 	/System/Library/Frameworks/Accelerate.framework/Versions/A/Frameworks/vecLib.framework/Versions/A/libBLAS.dylib
0x00000000020b4000 	/System/Library/Frameworks/Accelerate.framework/Versions/A/Frameworks/vecLib.framework/Versions/A/libLinearAlgebra.dylib
0x00000000020b4000 	/System/Library/Frameworks/ApplicationServices.framework/Versions/A/Frameworks/ATS.framework/Versions/A/Resources/libFontParser.dylib
0x00000000020b4000 	/System/Library/Frameworks/ApplicationServices.framework/Versions/A/Frameworks/ATS.framework/Versions/A/Resources/libFontRegistry.dylib
0x00000000020b4000 	/System/Library/PrivateFrameworks/AppleVPA.framework/Versions/A/AppleVPA
0x00000000020b4000 	/System/Library/PrivateFrameworks/AppleJPEG.framework/Versions/A/AppleJPEG
0x00000000020b4000 	/System/Library/Frameworks/ImageIO.framework/Versions/A/Resources/libJPEG.dylib
0x00000000020b4000 	/System/Library/Frameworks/ImageIO.framework/Versions/A/Resources/libTIFF.dylib
0x00000000020b4000 	/System/Library/Frameworks/ImageIO.framework/Versions/A/Resources/libPng.dylib
0x00000000020b4000 	/System/Library/Frameworks/ImageIO.framework/Versions/A/Resources/libGIF.dylib
0x00000000020b4000 	/System/Library/Frameworks/ImageIO.framework/Versions/A/Resources/libJP2.dylib
0x00000000020b4000 	/System/Library/Frameworks/ImageIO.framework/Versions/A/Resources/libRadiance.dylib
0x00000000020b4000 	/System/Library/Frameworks/CoreVideo.framework/Versions/A/CoreVideo
0x00000000020b4000 	/System/Library/Frameworks/OpenGL.framework/Versions/A/Libraries/libGLU.dylib
0x00000000020b4000 	/System/Library/Frameworks/OpenGL.framework/Versions/A/Libraries/libGFXShared.dylib
0x00000000020b4000 	/System/Library/Frameworks/OpenGL.framework/Versions/A/Libraries/libGL.dylib
0x00000000020b4000 	/System/Library/Frameworks/OpenGL.framework/Versions/A/Libraries/libGLImage.dylib
0x00000000020b4000 	/System/Library/Frameworks/OpenGL.framework/Versions/A/Libraries/libCVMSPluginSupport.dylib
0x00000000020b4000 	/System/Library/Frameworks/OpenGL.framework/Versions/A/Libraries/libCoreVMClient.dylib
0x00000000020b4000 	/usr/lib/libcups.2.dylib
0x00000000020b4000 	/System/Library/Frameworks/Kerberos.framework/Versions/A/Kerberos
0x00000000020b4000 	/System/Library/Frameworks/GSS.framework/Versions/A/GSS
0x00000000020b4000 	/usr/lib/libresolv.9.dylib
0x00000000020b4000 	/usr/lib/libiconv.2.dylib
0x00000000020b4000 	/System/Library/PrivateFrameworks/Heimdal.framework/Versions/A/Heimdal
0x00000000020b4000 	/usr/lib/libheimdal-asn1.dylib
0x00000000020b4000 	/System/Library/Frameworks/OpenDirectory.framework/Versions/A/OpenDirectory
0x00000000020b4000 	/System/Library/PrivateFrameworks/CommonAuth.framework/Versions/A/CommonAuth
0x00000000020b4000 	/System/Library/Frameworks/OpenDirectory.framework/Versions/A/Frameworks/CFOpenDirectory.framework/Versions/A/CFOpenDirectory
0x00000000020b4000 	/System/Library/Frameworks/SecurityFoundation.framework/Versions/A/SecurityFoundation
0x00000000020b4000 	/System/Library/PrivateFrameworks/LanguageModeling.framework/Versions/A/LanguageModeling
0x00000000020b4000 	/usr/lib/libcmph.dylib
0x00000000020b4000 	/System/Library/Frameworks/ServiceManagement.framework/Versions/A/ServiceManagement
0x00000000020b4000 	/usr/lib/libxslt.1.dylib
0x00000000020b4000 	/System/Library/Frameworks/Carbon.framework/Versions/A/Frameworks/Ink.framework/Versions/A/Ink
0x00000000020b4000 	/System/Library/Frameworks/QuartzCore.framework/Versions/A/Frameworks/CoreImage.framework/Versions/A/CoreImage
0x00000000020b4000 	/System/Library/PrivateFrameworks/CrashReporterSupport.framework/Versions/A/CrashReporterSupport
0x00000000020b4000 	/System/Library/Frameworks/OpenCL.framework/Versions/A/OpenCL
0x00000000020b4000 	/System/Library/PrivateFrameworks/FaceCore.framework/Versions/A/FaceCore
0x00000000020b4000 	/System/Library/PrivateFrameworks/Ubiquity.framework/Versions/A/Ubiquity
0x00000000020b4000 	/System/Library/PrivateFrameworks/IconServices.framework/Versions/A/IconServices
0x00000000020b4000 	/System/Library/PrivateFrameworks/ChunkingLibrary.framework/Versions/A/ChunkingLibrary
0x00000000020b4000 	/System/Library/PrivateFrameworks/Apple80211.framework/Versions/A/Apple80211
0x00000000020b4000 	/System/Library/Frameworks/CoreWLAN.framework/Versions/A/CoreWLAN
0x00000000020b4000 	/System/Library/Frameworks/IOBluetooth.framework/Versions/A/IOBluetooth
0x00000000020b4000 	/System/Library/PrivateFrameworks/CoreWiFi.framework/Versions/A/CoreWiFi
0x00000000020b4000 	/System/Library/Frameworks/CoreBluetooth.framework/Versions/A/CoreBluetooth
0x00000000020b4000 	/System/Library/PrivateFrameworks/DebugSymbols.framework/Versions/A/DebugSymbols
0x00000000020b4000 	/System/Library/PrivateFrameworks/CoreSymbolication.framework/Versions/A/CoreSymbolication
0x00000000020b4000 	/System/Library/PrivateFrameworks/Symbolication.framework/Versions/A/Symbolication
0x00000000020b4000 	/System/Library/PrivateFrameworks/SpeechRecognitionCore.framework/Versions/A/SpeechRecognitionCore
0x000000010d400000 	/Library/Java/JavaVirtualMachines/jdk1.8.0_31.jdk/Contents/Home/jre/lib/server/libjvm.dylib
0x00000000020b4000 	/usr/lib/libstdc++.6.dylib
0x000000010c3aa000 	/Library/Java/JavaVirtualMachines/jdk1.8.0_31.jdk/Contents/Home/jre/lib/libverify.dylib
0x000000010c3b8000 	/Library/Java/JavaVirtualMachines/jdk1.8.0_31.jdk/Contents/Home/jre/lib/libjava.dylib
0x000000010c3f6000 	/Library/Java/JavaVirtualMachines/jdk1.8.0_31.jdk/Contents/Home/jre/lib/libzip.dylib
0x0000000129ecb000 	/System/Library/Frameworks/JavaVM.framework/Frameworks/JavaRuntimeSupport.framework/JavaRuntimeSupport
0x0000000129ee3000 	/System/Library/Frameworks/JavaVM.framework/Versions/A/Frameworks/JavaNativeFoundation.framework/Versions/A/JavaNativeFoundation
0x0000000129ef8000 	/System/Library/Frameworks/JavaVM.framework/Versions/A/JavaVM
0x00000000020b4000 	/System/Library/Frameworks/Carbon.framework/Versions/A/Carbon
0x0000000129f05000 	/System/Library/PrivateFrameworks/JavaLaunching.framework/Versions/A/JavaLaunching
0x00000000020b4000 	/System/Library/Frameworks/Carbon.framework/Versions/A/Frameworks/CommonPanels.framework/Versions/A/CommonPanels
0x00000000020b4000 	/System/Library/Frameworks/Carbon.framework/Versions/A/Frameworks/Help.framework/Versions/A/Help
0x00000000020b4000 	/System/Library/Frameworks/Carbon.framework/Versions/A/Frameworks/ImageCapture.framework/Versions/A/ImageCapture
0x00000000020b4000 	/System/Library/Frameworks/Carbon.framework/Versions/A/Frameworks/OpenScripting.framework/Versions/A/OpenScripting
0x00000000020b4000 	/System/Library/Frameworks/Carbon.framework/Versions/A/Frameworks/Print.framework/Versions/A/Print
0x00000000020b4000 	/System/Library/Frameworks/Carbon.framework/Versions/A/Frameworks/SecurityHI.framework/Versions/A/SecurityHI
0x000000012be64000 	/Library/Java/JavaVirtualMachines/jdk1.8.0_31.jdk/Contents/Home/jre/lib/libnet.dylib
0x000000012bfca000 	/Library/Java/JavaVirtualMachines/jdk1.8.0_31.jdk/Contents/Home/jre/lib/libnio.dylib

VM Arguments:
java_command: target/node-1.0.jar -n 6 -cp 5050
java_class_path (initial): target/node-1.0.jar
Launcher Type: SUN_STANDARD

Environment Variables:
PATH=/usr/local/opt/coreutils/libexec/gnubin:/Users/aaron/bin:/usr/local/bin:/usr/bin:/bin:/usr/sbin:/sbin:/opt/X11/bin:/usr/local/sbin
SHELL=/bin/bash
DISPLAY=/private/tmp/com.apple.launchd.WsLpXGBLX0/org.macosforge.xquartz:0

Signal Handlers:
SIGSEGV: [libjvm.dylib+0x57a0e7], sa_mask[0]=11111111011111110111111111111111, sa_flags=SA_ONSTACK|SA_RESTART|SA_SIGINFO
SIGBUS: [libjvm.dylib+0x57a0e7], sa_mask[0]=11111111011111110111111111111111, sa_flags=SA_RESTART|SA_SIGINFO
SIGFPE: [libjvm.dylib+0x45af24], sa_mask[0]=11111111011111110111111111111111, sa_flags=SA_RESTART|SA_SIGINFO
SIGPIPE: [libjvm.dylib+0x45af24], sa_mask[0]=11111111011111110111111111111111, sa_flags=SA_RESTART|SA_SIGINFO
SIGXFSZ: [libjvm.dylib+0x45af24], sa_mask[0]=11111111011111110111111111111111, sa_flags=SA_RESTART|SA_SIGINFO
SIGILL: [libjvm.dylib+0x45af24], sa_mask[0]=11111111011111110111111111111111, sa_flags=SA_RESTART|SA_SIGINFO
SIGUSR1: SIG_DFL, sa_mask[0]=11011111011111100000000111000110, sa_flags=none
SIGUSR2: [libjvm.dylib+0x45aa42], sa_mask[0]=00000000000000000000000000000000, sa_flags=SA_RESTART|SA_SIGINFO
SIGHUP: [libjvm.dylib+0x459015], sa_mask[0]=11111111011111110111111111111111, sa_flags=SA_RESTART|SA_SIGINFO
SIGINT: [libjvm.dylib+0x459015], sa_mask[0]=11111111011111110111111111111111, sa_flags=SA_RESTART|SA_SIGINFO
SIGTERM: [libjvm.dylib+0x459015], sa_mask[0]=11111111011111110111111111111111, sa_flags=SA_RESTART|SA_SIGINFO
SIGQUIT: [libjvm.dylib+0x459015], sa_mask[0]=11111111011111110111111111111111, sa_flags=SA_RESTART|SA_SIGINFO


---------------  S Y S T E M  ---------------

OS:Bsduname:Darwin 14.1.0 Darwin Kernel Version 14.1.0: Thu Feb 26 19:26:47 PST 2015; root:xnu-2782.10.73~1/RELEASE_X86_64 x86_64
rlimit: STACK 8192k, CORE 0k, NPROC 709, NOFILE 10240, AS infinity
load average:1.34 1.58 1.64

CPU:total 8 (4 cores per cpu, 2 threads per core) family 6 model 70 stepping 1, cmov, cx8, fxsr, mmx, sse, sse2, sse3, ssse3, sse4.1, sse4.2, popcnt, avx, avx2, aes, clmul, erms, rtm, lzcnt, ht, tsc, tscinvbit, bmi1, bmi2

Memory: 4k page, physical 16777216k(225764k free)

/proc/meminfo:


vm_info: Java HotSpot(TM) 64-Bit Server VM (25.31-b07) for bsd-amd64 JRE (1.8.0_31-b13), built on Dec 17 2014 20:45:36 by "java_re" with gcc 4.2.1 (Based on Apple Inc. build 5658) (LLVM build 2336.11.00)

time: Wed Apr  1 23:53:54 2015
elapsed time: 378 seconds (0d 0h 6m 18s)

